[NbConvertApp] Converting notebook LsstStackDeblender.ipynb to notebook
[NbConvertApp] Executing notebook with kernel: lsst
CameraMapper INFO: Loading exposure registry from /datasets/DC2/DR6/Run2.2i/patched/2021-02-10/registry.sqlite3
CameraMapper INFO: Loading calib registry from /datasets/DC2/DR6/Run2.2i/patched/2021-02-10/CALIB/calibRegistry.sqlite3
CameraMapper INFO: Loading calib registry from /datasets/DC2/DR6/Run2.2i/patched/2021-02-10/CALIB/calibRegistry.sqlite3
LsstCamMapper WARN: Unable to find valid calib root directory
sourceDetection INFO: Detected 28 positive peaks in 17 footprints and 0 negative peaks in 0 footprints to 5 sigma
sourceDetection.background WARN: Too few points in grid to constrain fit: min(nx, ny) < approxOrder) [min(2, 2) < 6]
sourceDetection.background WARN: Reducing approxOrder to 1
sourceDetection INFO: Resubtracting the background after object detection
scarletDeblend INFO: Deblending 17 sources in 5 exposure bands
meas.deblender.deblend INFO: id: 1
meas.deblender.deblend INFO: id: 2
meas.deblender.deblend INFO: id: 3
meas.deblender.deblend INFO: id: 4
meas.deblender.deblend INFO: id: 5
meas.deblender.deblend INFO: id: 6
meas.deblender.deblend INFO: id: 7
meas.deblender.deblend INFO: id: 8
meas.deblender.deblend INFO: id: 9
meas.deblender.deblend INFO: id: 10
meas.deblender.deblend INFO: id: 11
meas.deblender.deblend INFO: id: 12
meas.deblender.deblend INFO: id: 13
meas.deblender.deblend INFO: id: 14
meas.deblender.deblend INFO: id: 15
meas.deblender.deblend INFO: id: 16
meas.deblender.deblend INFO: id: 17
scarletDeblend INFO: Deblended: of 17 sources, 17 were deblended, creating 28 children, total 45 sources
measurement INFO: Measuring 45 sources (17 parents, 28 children) 
measurement INFO: Measuring 45 sources (17 parents, 28 children) 
[NbConvertApp] Writing 1700140 bytes to LsstStackDeblender.nbconvert.ipynb
